<?xml version="1.0" encoding="UTF-8" ?>
<testsuite errors="0" failures="1" hostname="DESKTOP-BL4QVCC" name="PrintCalendar_cdy.PrintCalendarTest1" skipped="0" tests="3" time="0.04" timestamp="2020-08-08T14:09:42">
  <properties>
    <property name="java.vendor" value="Oracle Corporation" />
    <property name="env.USERDOMAIN_ROAMINGPROFILE" value="DESKTOP-BL4QVCC" />
    <property name="sun.java.launcher" value="SUN_STANDARD" />
    <property name="eclipse.pdebuild.templates" value="C:\Users\YYYYYYYYDC\Downloads\Compressed\eclipse_win64\plugins\org.eclipse.pde.build_3.9.300.v20170515-0912\templates" />
    <property name="sun.management.compiler" value="HotSpot 64-Bit Tiered Compilers" />
    <property name="env.PROMPT" value="$P$G" />
    <property name="env.DriverData" value="C:\Windows\System32\Drivers\DriverData" />
    <property name="os.name" value="Windows 10" />
    <property name="sun.boot.class.path" value="C:\Program Files\Java\jdk1.8.0_221\jre\lib\resources.jar;C:\Program Files\Java\jdk1.8.0_221\jre\lib\rt.jar;C:\Program Files\Java\jdk1.8.0_221\jre\lib\sunrsasign.jar;C:\Program Files\Java\jdk1.8.0_221\jre\lib\jsse.jar;C:\Program Files\Java\jdk1.8.0_221\jre\lib\jce.jar;C:\Program Files\Java\jdk1.8.0_221\jre\lib\charsets.jar;C:\Program Files\Java\jdk1.8.0_221\jre\lib\jfr.jar;C:\Program Files\Java\jdk1.8.0_221\jre\classes" />
    <property name="env.COMPUTERNAME" value="DESKTOP-BL4QVCC" />
    <property name="env.CommonProgramW6432" value="C:\Program Files\Common Files" />
    <property name="env.ALLUSERSPROFILE" value="C:\ProgramData" />
    <property name="sun.desktop" value="windows" />
    <property name="java.vm.specification.vendor" value="Oracle Corporation" />
    <property name="ant.home" value="C:\Users\YYYYYYYYDC\Downloads\Compressed\eclipse_win64\plugins\org.apache.ant_1.10.1.v20170504-0840" />
    <property name="java.runtime.version" value="1.8.0_221-b11" />
    <property name="env.HOMEPATH" value="\Users\YYYYYYYYDC" />
    <property name="user.name" value="YYYYYYYYDC" />
    <property name="user.language" value="zh" />
    <property name="ant.file.type.JUnit_cdy" value="file" />
    <property name="sun.boot.library.path" value="C:\Program Files\Java\jdk1.8.0_221\jre\bin" />
    <property name="ant.project.default-target" value="build" />
    <property name="ant.project.name" value="JUnit_cdy" />
    <property name="java.version" value="1.8.0_221" />
    <property name="env.PROCESSOR_IDENTIFIER" value="Intel64 Family 6 Model 158 Stepping 10, GenuineIntel" />
    <property name="user.timezone" value="" />
    <property name="env.asl.log" value="Destination=file" />
    <property name="env.TEMP" value="C:\Users\YYYYYYYYDC\AppData\Local\Temp" />
    <property name="sun.arch.data.model" value="64" />
    <property name="env.classpath" value="C:\Program Files\Java\jdk1.8.0_221\lib\dt.jar;C:\Program Files\Java\jdk1.8.0_221\lib\tools.jar;D:\Jmeter\apache-jmeter-5.3\lib\ext\ApacheJMeter_core.jar;D:\Jmeter\apache-jmeter-5.3\lib\jorphan.jar;D:\Jmeter\apache-jmeter-5.3\lib/logkit-2.0.jar;" />
    <property name="java.endorsed.dirs" value="C:\Program Files\Java\jdk1.8.0_221\jre\lib\endorsed" />
    <property name="sun.cpu.isalist" value="amd64" />
    <property name="env.HOMEDRIVE" value="C:" />
    <property name="sun.jnu.encoding" value="GBK" />
    <property name="file.encoding.pkg" value="sun.io" />
    <property name="ECLIPSE_HOME" value="C:/Users/YYYYYYYYDC/Downloads/Compressed/eclipse_win64/" />
    <property name="file.separator" value="\" />
    <property name="java.specification.name" value="Java Platform API Specification" />
    <property name="java.class.version" value="52.0" />
    <property name="user.country" value="CN" />
    <property name="java.home" value="C:\Program Files\Java\jdk1.8.0_221\jre" />
    <property name="env.PSModulePath" value="C:\Program Files\WindowsPowerShell\Modules;C:\WINDOWS\system32\WindowsPowerShell\v1.0\Modules" />
    <property name="env.ANDROID_HOME" value="F:\BaiduNetdiskDownload\appium\androidsdk\androidsdk" />
    <property name="env.APPDATA" value="C:\Users\YYYYYYYYDC\AppData\Roaming" />
    <property name="env.PUBLIC" value="C:\Users\Public" />
    <property name="java.vm.info" value="mixed mode" />
    <property name="env.CATALINA_HOME" value="D:\Tomcat\apache-tomcat-9.0.36" />
    <property name="env.ComSpec" value="C:\WINDOWS\system32\cmd.exe" />
    <property name="env.TOMCAT_HOME" value="D:\Tomcat\apache-tomcat-9.0.36" />
    <property name="env.OS" value="Windows_NT" />
    <property name="env.CommonProgramFiles" value="C:\Program Files\Common Files" />
    <property name="ant.file" value="F:\eclipse-workspace\JUnit_cdy\build.xml" />
    <property name="os.version" value="10.0" />
    <property name="env.ProgramW6432" value="C:\Program Files" />
    <property name="path.separator" value=";" />
    <property name="java.vm.version" value="25.221-b11" />
    <property name="env.USERPROFILE" value="C:\Users\YYYYYYYYDC" />
    <property name="user.variant" value="" />
    <property name="ant.library.dir" value="C:\Users\YYYYYYYYDC\Downloads\Compressed\eclipse_win64\plugins\org.apache.ant_1.10.1.v20170504-0840\lib" />
    <property name="junit.output.dir" value="junit" />
    <property name="env.JAVA_HOME" value="C:\Program Files\Java\jdk1.8.0_221" />
    <property name="java.awt.printerjob" value="sun.awt.windows.WPrinterJob" />
    <property name="env.TMP" value="C:\Users\YYYYYYYYDC\AppData\Local\Temp" />
    <property name="env.FPS_BROWSER_USER_PROFILE_STRING" value="Default" />
    <property name="sun.io.unicode.encoding" value="UnicodeLittle" />
    <property name="env.JMETER_HOME" value="D:\Jmeter\apache-jmeter-5.3" />
    <property name="awt.toolkit" value="sun.awt.windows.WToolkit" />
    <property name="user.script" value="" />
    <property name="eclipse.pdebuild.scripts" value="C:\Users\YYYYYYYYDC\Downloads\Compressed\eclipse_win64\plugins\org.eclipse.pde.build_3.9.300.v20170515-0912\scripts" />
    <property name="user.home" value="C:\Users\YYYYYYYYDC" />
    <property name="target" value="1.8" />
    <property name="env.ProgramData" value="C:\ProgramData" />
    <property name="env.VS140COMNTOOLS" value="C:\Program Files (x86)\Microsoft Visual Studio 14.0\Common7\Tools\" />
    <property name="env.SESSIONNAME" value="Console" />
    <property name="env.ProgramFiles(x86)" value="C:\Program Files (x86)" />
    <property name="java.specification.vendor" value="Oracle Corporation" />
    <property name="java.library.path" value="C:\Program Files\Java\jdk1.8.0_221\jre\bin;C:\WINDOWS\Sun\Java\bin;C:\WINDOWS\system32;C:\WINDOWS;C:/Program Files/Java/jre1.8.0_131/bin/server;C:/Program Files/Java/jre1.8.0_131/bin;C:/Program Files/Java/jre1.8.0_131/lib/amd64;C:\ProgramData\Oracle\Java\javapath;D:\Tomcat\apache-tomcat-9.0.36\bin;C:\Program Files\Haskell\bin;D:\Haskell Platform\8.4.3\lib\extralibs\bin;D:\Haskell Platform\8.4.3\bin;C:\WINDOWS\system32;C:\WINDOWS;C:\WINDOWS\System32\Wbem;C:\WINDOWS\System32\WindowsPowerShell\v1.0\;C:\WINDOWS\System32\OpenSSH\;C:\Program Files (x86)\Intel\Intel(R) Management Engine Components\DAL;C:\Program Files\Intel\Intel(R) Management Engine Components\DAL;C:\Program Files\Java\jdk1.8.0_221\bin;C:\Program Files\Java\jdk1.8.0_221\jre\bin;C:\Program Files (x86)\Google\Chrome\Application;D:\TDM-GCC-64\bin;D:\PowerShell\6\;C:\ProgramData\chocolatey\bin;D:\Haskell Platform\8.4.3\mingw\bin;D:\MATLAB\R2015b\runtime\win64;D:\MATLAB\R2015b\bin;D:\MATLAB\R2015b\polyspace\bin;F:\BaiduNetdiskDownload\appium\androidsdk\androidsdk\platform-tools;D:\sox-14-4-2;D:\Git\cmd;F:\Hugo\bin;C:\Program Files\dotnet\;D:\Nodejs\;C:\Users\YYYYYYYYDC\AppData\Roaming\cabal\bin;D:\Haskell Stack\bin;D:\Python\Scripts\;D:\Python\;C:\Users\YYYYYYYYDC\AppData\Local\Microsoft\WindowsApps;D:\Microsoft VS Code\bin;E:\Bandizip\;D:\PyCharm Community Edition 2019.3.1\bin;;C:\tools\msys64;D:\Python2;D:\Python2\Scripts\;;D:\IntelliJ IDEA 2019.3.5\bin;;C:\Users\YYYYYYYYDC\AppData\Roaming\npm;C:\Users\YYYYYYYYDC\Downloads\Compressed\eclipse_win64;;." />
    <property name="env.NUMBER_OF_PROCESSORS" value="12" />
    <property name="java.vendor.url" value="http://java.oracle.com/" />
    <property name="env.ChocolateyLastPathUpdate" value="132333770467478037" />
    <property name="java.vm.vendor" value="Oracle Corporation" />
    <property name="java.runtime.name" value="Java(TM) SE Runtime Environment" />
    <property name="ant.version" value="Apache Ant(TM) version 1.10.1 compiled on February 2 2017" />
    <property name="java.class.path" value="F:\eclipse-workspace\JUnit_cdy\bin;C:\Users\YYYYYYYYDC\Downloads\Compressed\eclipse_win64\plugins\org.junit_4.12.0.v201504281640\junit.jar;C:\Users\YYYYYYYYDC\Downloads\Compressed\eclipse_win64\plugins\org.hamcrest.core_1.3.0.v201303031735.jar;C:\Users\YYYYYYYYDC\Downloads\Compressed\eclipse_win64\plugins\org.apache.ant_1.10.1.v20170504-0840\lib\ant-launcher.jar;C:\Users\YYYYYYYYDC\Downloads\Compressed\eclipse_win64\plugins\org.apache.ant_1.10.1.v20170504-0840\lib\ant.jar;C:\Users\YYYYYYYYDC\Downloads\Compressed\eclipse_win64\plugins\org.apache.ant_1.10.1.v20170504-0840\lib\ant-junit.jar;C:\Users\YYYYYYYYDC\Downloads\Compressed\eclipse_win64\plugins\org.apache.ant_1.10.1.v20170504-0840\lib\ant-junit4.jar" />
    <property name="sun.java.command" value="org.apache.tools.ant.taskdefs.optional.junit.JUnitTestRunner PrintCalendar_cdy.PrintCalendarTest1 skipNonTests=false filtertrace=true haltOnError=false haltOnFailure=false formatter=org.apache.tools.ant.taskdefs.optional.junit.OutErrSummaryJUnitResultFormatter showoutput=false outputtoformatters=true logfailedtests=true threadid=0 logtestlistenerevents=false formatter=org.apache.tools.ant.taskdefs.optional.junit.XMLJUnitResultFormatter,F:\eclipse-workspace\JUnit_cdy\junit\TEST-PrintCalendar_cdy.PrintCalendarTest1.xml crashfile=F:\eclipse-workspace\JUnit_cdy\junitvmwatcher8382182906341185953.properties propsfile=F:\eclipse-workspace\JUnit_cdy\junit4878230786784933516.properties" />
    <property name="env.webdriver.chrome.bin" value="E:\360Browser\360Chrome\Chrome\Application\360chrome.exe" />
    <property name="java.vm.specification.name" value="Java Virtual Machine Specification" />
    <property name="env.windir" value="C:\WINDOWS" />
    <property name="env.LOGONSERVER" value="\\DESKTOP-BL4QVCC" />
    <property name="env.PROCESSOR_ARCHITECTURE" value="AMD64" />
    <property name="java.vm.specification.version" value="1.8" />
    <property name="env.PyCharm Community Edition" value="D:\PyCharm Community Edition 2019.3.1\bin;" />
    <property name="sun.os.patch.level" value="" />
    <property name="sun.cpu.endian" value="little" />
    <property name="debuglevel" value="source,lines,vars" />
    <property name="env.OneDrive" value="C:\Users\YYYYYYYYDC\OneDrive" />
    <property name="env.ProgramFiles" value="C:\Program Files" />
    <property name="env.ANT_HOME" value="C:\Users\YYYYYYYYDC\Downloads\Compressed\eclipse_win64\plugins\org.apache.ant_1.10.1.v20170504-0840" />
    <property name="env.PROCESSOR_REVISION" value="9e0a" />
    <property name="eclipse.pdebuild.home" value="C:\Users\YYYYYYYYDC\Downloads\Compressed\eclipse_win64\plugins\org.eclipse.pde.build_3.9.300.v20170515-0912\." />
    <property name="java.io.tmpdir" value="C:\Users\YYYYYYYYDC\AppData\Local\Temp\" />
    <property name="env.CommonProgramFiles(x86)" value="C:\Program Files (x86)\Common Files" />
    <property name="java.vendor.url.bug" value="http://bugreport.sun.com/bugreport/" />
    <property name="env.OneDriveConsumer" value="C:\Users\YYYYYYYYDC\OneDrive" />
    <property name="env.SystemRoot" value="C:\WINDOWS" />
    <property name="env.ChocolateyToolsLocation" value="C:\tools" />
    <property name="env.ChocolateyInstall" value="C:\ProgramData\chocolatey" />
    <property name="env.FPS_BROWSER_APP_PROFILE_STRING" value="Internet Explorer" />
    <property name="java.awt.graphicsenv" value="sun.awt.Win32GraphicsEnvironment" />
    <property name="os.arch" value="amd64" />
    <property name="java.ext.dirs" value="C:\Program Files\Java\jdk1.8.0_221\jre\lib\ext;C:\WINDOWS\Sun\Java\lib\ext" />
    <property name="env.webdriver.chrome.driver" value="C:\Users\YYYYYYYYDC\Downloads\Compressed\chromedriver_win32_2\chromedriver.exe" />
    <property name="user.dir" value="F:\eclipse-workspace\JUnit_cdy" />
    <property name="env.LOCALAPPDATA" value="C:\Users\YYYYYYYYDC\AppData\Local" />
    <property name="line.separator" value="&#xd;&#xa;" />
    <property name="java.vm.name" value="Java HotSpot(TM) 64-Bit Server VM" />
    <property name="env.IntelliJ IDEA" value="D:\IntelliJ IDEA 2019.3.5\bin;" />
    <property name="env.PATHEXT" value=".COM;.EXE;.BAT;.CMD;.VBS;.VBE;.JS;.JSE;.WSF;.WSH;.MSC" />
    <property name="env.Path" value="C:/Program Files/Java/jre1.8.0_131/bin/server;C:/Program Files/Java/jre1.8.0_131/bin;C:/Program Files/Java/jre1.8.0_131/lib/amd64;C:\ProgramData\Oracle\Java\javapath;D:\Tomcat\apache-tomcat-9.0.36\bin;C:\Program Files\Haskell\bin;D:\Haskell Platform\8.4.3\lib\extralibs\bin;D:\Haskell Platform\8.4.3\bin;C:\WINDOWS\system32;C:\WINDOWS;C:\WINDOWS\System32\Wbem;C:\WINDOWS\System32\WindowsPowerShell\v1.0\;C:\WINDOWS\System32\OpenSSH\;C:\Program Files (x86)\Intel\Intel(R) Management Engine Components\DAL;C:\Program Files\Intel\Intel(R) Management Engine Components\DAL;C:\Program Files\Java\jdk1.8.0_221\bin;C:\Program Files\Java\jdk1.8.0_221\jre\bin;C:\Program Files (x86)\Google\Chrome\Application;D:\TDM-GCC-64\bin;D:\PowerShell\6\;C:\ProgramData\chocolatey\bin;D:\Haskell Platform\8.4.3\mingw\bin;D:\MATLAB\R2015b\runtime\win64;D:\MATLAB\R2015b\bin;D:\MATLAB\R2015b\polyspace\bin;F:\BaiduNetdiskDownload\appium\androidsdk\androidsdk\platform-tools;D:\sox-14-4-2;D:\Git\cmd;F:\Hugo\bin;C:\Program Files\dotnet\;D:\Nodejs\;C:\Users\YYYYYYYYDC\AppData\Roaming\cabal\bin;D:\Haskell Stack\bin;D:\Python\Scripts\;D:\Python\;C:\Users\YYYYYYYYDC\AppData\Local\Microsoft\WindowsApps;D:\Microsoft VS Code\bin;E:\Bandizip\;D:\PyCharm Community Edition 2019.3.1\bin;;C:\tools\msys64;D:\Python2;D:\Python2\Scripts\;;D:\IntelliJ IDEA 2019.3.5\bin;;C:\Users\YYYYYYYYDC\AppData\Roaming\npm;C:\Users\YYYYYYYYDC\Downloads\Compressed\eclipse_win64;" />
    <property name="org.apache.tools.ant.taskdefs.optional.junit.AggregateTransformer0" value="C:\Users\YYYYYYYYDC\AppData\Local\Temp\null280704258" />
    <property name="basedir" value="F:\eclipse-workspace\JUnit_cdy" />
    <property name="ant.java.version" value="1.8" />
    <property name="ant.core.lib" value="C:\Users\YYYYYYYYDC\Downloads\Compressed\eclipse_win64\plugins\org.apache.ant_1.10.1.v20170504-0840\lib\ant.jar" />
    <property name="env.USERNAME" value="YYYYYYYYDC" />
    <property name="env.SystemDrive" value="C:" />
    <property name="env.STACK_ROOT" value="C:\sr" />
    <property name="source" value="1.8" />
    <property name="file.encoding" value="GBK" />
    <property name="env.USERDOMAIN" value="DESKTOP-BL4QVCC" />
    <property name="ant.file.JUnit_cdy" value="F:\eclipse-workspace\JUnit_cdy\build.xml" />
    <property name="java.specification.version" value="1.8" />
    <property name="ant.project.invoked-targets" value="junitreport,PrintCalendarTest1" />
    <property name="env.PROCESSOR_LEVEL" value="6" />
  </properties>
  <testcase classname="PrintCalendar_cdy.PrintCalendarTest1" name="testGetNumberOfDaysInMonth" time="0.0" />
  <testcase classname="PrintCalendar_cdy.PrintCalendarTest1" name="testGetMonthName" time="0.0" />
  <testcase classname="PrintCalendar_cdy.PrintCalendarTest1" name="testIsLeapYear" time="0.003">
    <failure message="expected:&lt;false&gt; but was:&lt;true&gt;" type="junit.framework.AssertionFailedError">junit.framework.AssertionFailedError: expected:&lt;false&gt; but was:&lt;true&gt;
	at PrintCalendar_cdy.PrintCalendarTest1.testIsLeapYear(PrintCalendarTest1.java:24)
</failure>
  </testcase>
  <system-out><![CDATA[]]></system-out>
  <system-err><![CDATA[]]></system-err>
</testsuite>
